2021-09-09 03:41:11.684  INFO 16168 --- [main] lavalink.server.Launcher                 : 

[32m       .  [31m _                  _ _       _    [32m__ _ _
[32m      /\\ [31m| | __ ___   ____ _| (_)_ __ | | __[32m\ \ \ \
[32m     ( ( )[31m| |/ _` \ \ / / _` | | | '_ \| |/ /[32m \ \ \ \
[32m      \\/ [31m| | (_| |\ V / (_| | | | | | |   < [32m  ) ) ) )
[32m       '  [31m|_|\__,_| \_/ \__,_|_|_|_| |_|_|\_\[32m / / / /
[0m    =========================================[32m/_/_/_/[0m

	Version:        3.3.2.5
	Build:          1222
	Build time:     11.04.2021 08:07:27 UTC
	Branch          master
	Commit:         7b914f2
	Commit time:    09.04.2021 17:14:27 UTC
	JVM:            16.0.2
	Lavaplayer      1.3.76

2021-09-09 03:41:11.816  INFO 16168 --- [main] lavalink.server.Launcher                 : Starting Launcher on DESKTOP-5PSFERP with PID 16168 (O:\LavaLink\Lavalink.jar started by Ananda in O:\LavaLink)
2021-09-09 03:41:11.817  INFO 16168 --- [main] lavalink.server.Launcher                 : No active profile set, falling back to default profiles: default
2021-09-09 03:41:11.968  WARN 16168 --- [background-preinit] o.s.h.c.j.Jackson2ObjectMapperBuilder    : For Jackson Kotlin classes support please add "com.fasterxml.jackson.module:jackson-module-kotlin" to the classpath
2021-09-09 03:41:13.093  WARN 16168 --- [main] io.undertow.websockets.jsr               : UT026010: Buffer pool was not set on WebSocketDeploymentInfo, the default pool will be used
2021-09-09 03:41:13.121  INFO 16168 --- [main] io.undertow.servlet                      : Initializing Spring embedded WebApplicationContext
2021-09-09 03:41:13.122  INFO 16168 --- [main] o.s.web.context.ContextLoader            : Root WebApplicationContext: initialization completed in 1251 ms
2021-09-09 03:41:13.537  WARN 16168 --- [main] l.server.config.SentryConfiguration      : Turning off sentry
2021-09-09 03:41:13.827  INFO 16168 --- [main] c.s.d.l.tools.GarbageCollectionMonitor   : GC monitoring enabled, reporting results every 2 minutes.
2021-09-09 03:41:14.046  INFO 16168 --- [main] lavalink.server.config.KoeConfiguration  : OS: Windows 10, Arch: amd64
2021-09-09 03:41:14.046  WARN 16168 --- [main] lavalink.server.config.KoeConfiguration  : This system and architecture appears to not support native audio sending! GC pauses may cause your bot to stutter during playback.
2021-09-09 03:41:14.278  INFO 16168 --- [main] o.s.s.concurrent.ThreadPoolTaskExecutor  : Initializing ExecutorService 'applicationTaskExecutor'
2021-09-09 03:41:14.562  INFO 16168 --- [main] org.xnio                                 : XNIO version 3.3.8.Final
2021-09-09 03:41:14.575  INFO 16168 --- [main] org.xnio.nio                             : XNIO NIO Implementation Version 3.3.8.Final
2021-09-09 03:41:14.640  INFO 16168 --- [main] o.s.b.w.e.u.UndertowServletWebServer     : Undertow started on port(s) 2333 (http) with context path ''
2021-09-09 03:41:14.645  INFO 16168 --- [main] lavalink.server.Launcher                 : Started Launcher in 3.472 seconds (JVM running for 3.942)
2021-09-09 03:41:14.647  INFO 16168 --- [main] lavalink.server.Launcher                 : You can safely ignore the big red warning about illegal reflection. See https://github.com/Frederikam/Lavalink/issues/295
2021-09-09 03:44:46.070  INFO 1228 --- [main] lavalink.server.Launcher                 : 

[32m       .  [31m _                  _ _       _    [32m__ _ _
[32m      /\\ [31m| | __ ___   ____ _| (_)_ __ | | __[32m\ \ \ \
[32m     ( ( )[31m| |/ _` \ \ / / _` | | | '_ \| |/ /[32m \ \ \ \
[32m      \\/ [31m| | (_| |\ V / (_| | | | | | |   < [32m  ) ) ) )
[32m       '  [31m|_|\__,_| \_/ \__,_|_|_|_| |_|_|\_\[32m / / / /
[0m    =========================================[32m/_/_/_/[0m

	Version:        3.3.2.5
	Build:          1222
	Build time:     11.04.2021 08:07:27 UTC
	Branch          master
	Commit:         7b914f2
	Commit time:    09.04.2021 17:14:27 UTC
	JVM:            16.0.2
	Lavaplayer      1.3.76

2021-09-09 03:44:46.183  INFO 1228 --- [main] lavalink.server.Launcher                 : Starting Launcher on DESKTOP-5PSFERP with PID 1228 (O:\Discord-MusicBot\Lavalink.jar started by Ananda in O:\Discord-MusicBot)
2021-09-09 03:44:46.184  INFO 1228 --- [main] lavalink.server.Launcher                 : No active profile set, falling back to default profiles: default
2021-09-09 03:44:46.333  WARN 1228 --- [background-preinit] o.s.h.c.j.Jackson2ObjectMapperBuilder    : For Jackson Kotlin classes support please add "com.fasterxml.jackson.module:jackson-module-kotlin" to the classpath
2021-09-09 03:44:47.416  WARN 1228 --- [main] io.undertow.websockets.jsr               : UT026010: Buffer pool was not set on WebSocketDeploymentInfo, the default pool will be used
2021-09-09 03:44:47.444  INFO 1228 --- [main] io.undertow.servlet                      : Initializing Spring embedded WebApplicationContext
2021-09-09 03:44:47.444  INFO 1228 --- [main] o.s.web.context.ContextLoader            : Root WebApplicationContext: initialization completed in 1208 ms
2021-09-09 03:44:47.854  WARN 1228 --- [main] l.server.config.SentryConfiguration      : Turning off sentry
2021-09-09 03:44:48.139  INFO 1228 --- [main] c.s.d.l.tools.GarbageCollectionMonitor   : GC monitoring enabled, reporting results every 2 minutes.
2021-09-09 03:44:48.363  INFO 1228 --- [main] lavalink.server.config.KoeConfiguration  : OS: Windows 10, Arch: amd64
2021-09-09 03:44:48.364  WARN 1228 --- [main] lavalink.server.config.KoeConfiguration  : This system and architecture appears to not support native audio sending! GC pauses may cause your bot to stutter during playback.
2021-09-09 03:44:48.592  INFO 1228 --- [main] o.s.s.concurrent.ThreadPoolTaskExecutor  : Initializing ExecutorService 'applicationTaskExecutor'
2021-09-09 03:44:48.870  INFO 1228 --- [main] org.xnio                                 : XNIO version 3.3.8.Final
2021-09-09 03:44:48.883  INFO 1228 --- [main] org.xnio.nio                             : XNIO NIO Implementation Version 3.3.8.Final
2021-09-09 03:44:48.948  INFO 1228 --- [main] o.s.b.w.e.u.UndertowServletWebServer     : Undertow started on port(s) 1234 (http) with context path ''
2021-09-09 03:44:48.952  INFO 1228 --- [main] lavalink.server.Launcher                 : Started Launcher in 3.405 seconds (JVM running for 3.865)
2021-09-09 03:44:48.954  INFO 1228 --- [main] lavalink.server.Launcher                 : You can safely ignore the big red warning about illegal reflection. See https://github.com/Frederikam/Lavalink/issues/295
2021-09-09 03:45:00.348  INFO 1228 --- [XNIO-1 task-1] io.undertow.servlet                      : Initializing Spring DispatcherServlet 'dispatcherServlet'
2021-09-09 03:45:00.349  INFO 1228 --- [XNIO-1 task-1] o.s.web.servlet.DispatcherServlet        : Initializing Servlet 'dispatcherServlet'
2021-09-09 03:45:00.358  INFO 1228 --- [XNIO-1 task-1] o.s.web.servlet.DispatcherServlet        : Completed initialization in 7 ms
2021-09-09 03:45:00.386  INFO 1228 --- [XNIO-1 task-1] l.server.io.HandshakeInterceptorImpl     : Incoming connection from /127.0.0.1:52638
2021-09-09 03:45:00.469  INFO 1228 --- [XNIO-1 task-1] lavalink.server.io.SocketServer          : Connection successfully established from /127.0.0.1:52638
2021-09-09 03:45:15.939  INFO 1228 --- [XNIO-1 I/O-1] lavalink.server.io.SocketServer          : {"op":"volume","guildId":"783409217414496277","volume":100}
2021-09-09 03:45:15.959  INFO 1228 --- [XNIO-1 task-2] l.server.player.AudioLoaderRestHandler   : Got request to load for identifier "ytsearch:iu"
2021-09-09 03:45:16.420  INFO 1228 --- [XNIO-1 I/O-1] lavalink.server.io.SocketServer          : {"sessionId":"f0e5dc849daad497444946fad8c9ce6b","op":"voiceUpdate","guildId":"783409217414496277","event":{"token":"ce4ca472f3298af5","guild_id":"783409217414496277","endpoint":"india5661.discord.media:443"}}
2021-09-09 03:45:17.520  INFO 1228 --- [lava-daemon-pool-info-loader-2-thread-1] lavalink.server.player.AudioLoader       : Loaded playlist Search results for: iu
2021-09-09 03:45:17.546  INFO 1228 --- [XNIO-1 I/O-1] lavalink.server.io.SocketServer          : {"op":"play","guildId":"783409217414496277","track":"QAAAmwIANElVIEJlc3QgU29uZ3MgW1BsYXlsaXN0IGZvciBNb3RpdmF0aW9uIGFuZCBDaGVlciBVcF0ADUplc2ljYSBKZXNpbmEAAAAAADS8AAALemFTUGVVZTMzVGcAAQAraHR0cHM6Ly93d3cueW91dHViZS5jb20vd2F0Y2g/dj16YVNQZVVlMzNUZwAHeW91dHViZQAAAAAAAAAA"}
2021-09-09 03:45:26.152  INFO 1228 --- [XNIO-1 I/O-1] lavalink.server.io.SocketServer          : {"op":"pause","guildId":"783409217414496277","pause":true}
2021-09-09 03:45:28.963  INFO 1228 --- [XNIO-1 I/O-1] lavalink.server.io.SocketServer          : {"sessionId":"f0e5dc849daad497444946fad8c9ce6b","op":"voiceUpdate","guildId":"783409217414496277","event":{"token":"ce4ca472f3298af5","guild_id":"783409217414496277","endpoint":"india5661.discord.media:443"}}
2021-09-09 03:46:38.151  INFO 1228 --- [XNIO-1 I/O-1] lavalink.server.io.SocketServer          : {"op":"destroy","guildId":"783409217414496277"}
2021-09-09 03:47:08.127  INFO 1228 --- [XNIO-1 I/O-1] lavalink.server.io.SocketServer          : Connection closed from /127.0.0.1:52638 -- CloseStatus[code=1006, reason=]
2021-09-09 03:47:08.127  INFO 1228 --- [XNIO-1 I/O-1] lavalink.server.io.SocketContext         : Shutting down 0 playing players.
2021-09-09 03:48:02.982  INFO 1556 --- [main] lavalink.server.Launcher                 : 

[32m       .  [31m _                  _ _       _    [32m__ _ _
[32m      /\\ [31m| | __ ___   ____ _| (_)_ __ | | __[32m\ \ \ \
[32m     ( ( )[31m| |/ _` \ \ / / _` | | | '_ \| |/ /[32m \ \ \ \
[32m      \\/ [31m| | (_| |\ V / (_| | | | | | |   < [32m  ) ) ) )
[32m       '  [31m|_|\__,_| \_/ \__,_|_|_|_| |_|_|\_\[32m / / / /
[0m    =========================================[32m/_/_/_/[0m

	Version:        3.3.2.5
	Build:          1222
	Build time:     11.04.2021 08:07:27 UTC
	Branch          master
	Commit:         7b914f2
	Commit time:    09.04.2021 17:14:27 UTC
	JVM:            16.0.2
	Lavaplayer      1.3.76

2021-09-09 03:48:03.100  INFO 1556 --- [main] lavalink.server.Launcher                 : Starting Launcher on DESKTOP-5PSFERP with PID 1556 (O:\Discord-MusicBot\Lavalink.jar started by Ananda in O:\Discord-MusicBot)
2021-09-09 03:48:03.101  INFO 1556 --- [main] lavalink.server.Launcher                 : No active profile set, falling back to default profiles: default
2021-09-09 03:48:03.243  WARN 1556 --- [background-preinit] o.s.h.c.j.Jackson2ObjectMapperBuilder    : For Jackson Kotlin classes support please add "com.fasterxml.jackson.module:jackson-module-kotlin" to the classpath
2021-09-09 03:48:04.416  WARN 1556 --- [main] io.undertow.websockets.jsr               : UT026010: Buffer pool was not set on WebSocketDeploymentInfo, the default pool will be used
2021-09-09 03:48:04.448  INFO 1556 --- [main] io.undertow.servlet                      : Initializing Spring embedded WebApplicationContext
2021-09-09 03:48:04.448  INFO 1556 --- [main] o.s.web.context.ContextLoader            : Root WebApplicationContext: initialization completed in 1295 ms
2021-09-09 03:48:04.871  WARN 1556 --- [main] l.server.config.SentryConfiguration      : Turning off sentry
2021-09-09 03:48:05.160  INFO 1556 --- [main] c.s.d.l.tools.GarbageCollectionMonitor   : GC monitoring enabled, reporting results every 2 minutes.
2021-09-09 03:48:05.395  INFO 1556 --- [main] lavalink.server.config.KoeConfiguration  : OS: Windows 10, Arch: amd64
2021-09-09 03:48:05.395  WARN 1556 --- [main] lavalink.server.config.KoeConfiguration  : This system and architecture appears to not support native audio sending! GC pauses may cause your bot to stutter during playback.
2021-09-09 03:48:05.655  INFO 1556 --- [main] o.s.s.concurrent.ThreadPoolTaskExecutor  : Initializing ExecutorService 'applicationTaskExecutor'
2021-09-09 03:48:05.975  INFO 1556 --- [main] org.xnio                                 : XNIO version 3.3.8.Final
2021-09-09 03:48:05.988  INFO 1556 --- [main] org.xnio.nio                             : XNIO NIO Implementation Version 3.3.8.Final
2021-09-09 03:48:06.053  INFO 1556 --- [main] o.s.b.w.e.u.UndertowServletWebServer     : Undertow started on port(s) 1234 (http) with context path ''
2021-09-09 03:48:06.057  INFO 1556 --- [main] lavalink.server.Launcher                 : Started Launcher in 3.605 seconds (JVM running for 4.077)
2021-09-09 03:48:06.059  INFO 1556 --- [main] lavalink.server.Launcher                 : You can safely ignore the big red warning about illegal reflection. See https://github.com/Frederikam/Lavalink/issues/295
2021-09-09 03:48:11.248  INFO 1556 --- [XNIO-1 task-1] io.undertow.servlet                      : Initializing Spring DispatcherServlet 'dispatcherServlet'
2021-09-09 03:48:11.249  INFO 1556 --- [XNIO-1 task-1] o.s.web.servlet.DispatcherServlet        : Initializing Servlet 'dispatcherServlet'
2021-09-09 03:48:11.256  INFO 1556 --- [XNIO-1 task-1] o.s.web.servlet.DispatcherServlet        : Completed initialization in 6 ms
2021-09-09 03:48:11.277  INFO 1556 --- [XNIO-1 task-1] l.server.io.HandshakeInterceptorImpl     : Incoming connection from /127.0.0.1:53631
2021-09-09 03:48:11.340  INFO 1556 --- [XNIO-1 task-1] lavalink.server.io.SocketServer          : Connection successfully established from /127.0.0.1:53631
2021-09-09 03:48:11.659  INFO 1556 --- [XNIO-1 I/O-4] lavalink.server.io.SocketServer          : {"op":"volume","guildId":"654002085632802842","volume":100}
2021-09-09 03:48:11.675  INFO 1556 --- [XNIO-1 task-2] l.server.player.AudioLoaderRestHandler   : Got request to load for identifier "ytsearch:iu coin"
2021-09-09 03:48:12.714  INFO 1556 --- [lava-daemon-pool-info-loader-2-thread-1] lavalink.server.player.AudioLoader       : Loaded playlist Search results for: iu coin
2021-09-09 03:48:12.737  INFO 1556 --- [XNIO-1 I/O-4] lavalink.server.io.SocketServer          : {"op":"play","guildId":"654002085632802842","track":"QAAAhQIAF1tNVl0gSVUo7JWE7J207JygKV9Db2luABQxdGhlSyAo7JuQ642U7LyA7J20KQAAAAAAAwVwAAs4NkJTVDhOSXBOTQABACtodHRwczovL3d3dy55b3V0dWJlLmNvbS93YXRjaD92PTg2QlNUOE5JcE5NAAd5b3V0dWJlAAAAAAAAAAA="}
2021-09-09 03:48:12.845  INFO 1556 --- [XNIO-1 I/O-4] lavalink.server.io.SocketServer          : {"sessionId":"d66b914e59963e9faf84d63a07bbdbb6","op":"voiceUpdate","guildId":"654002085632802842","event":{"token":"ce2ba400463d5d75","guild_id":"654002085632802842","endpoint":"singapore7413.discord.media:443"}}
2021-09-09 03:51:32.063  INFO 1556 --- [XNIO-1 I/O-4] lavalink.server.io.SocketServer          : {"op":"destroy","guildId":"654002085632802842"}
2021-09-09 03:51:53.760  INFO 1556 --- [XNIO-1 I/O-4] lavalink.server.io.SocketServer          : Connection closed from /127.0.0.1:53631 -- CloseStatus[code=1006, reason=]
2021-09-09 03:51:53.760  INFO 1556 --- [XNIO-1 I/O-4] lavalink.server.io.SocketContext         : Shutting down 0 playing players.
2021-09-09 03:51:59.489  INFO 1556 --- [XNIO-1 task-4] l.server.io.HandshakeInterceptorImpl     : Incoming connection from /127.0.0.1:53664
2021-09-09 03:51:59.493  INFO 1556 --- [XNIO-1 task-4] lavalink.server.io.SocketServer          : Connection successfully established from /127.0.0.1:53664
2021-09-09 03:52:33.232  INFO 1556 --- [XNIO-1 I/O-1] lavalink.server.io.SocketServer          : Connection closed from /127.0.0.1:53664 -- CloseStatus[code=1006, reason=]
2021-09-09 03:52:33.232  INFO 1556 --- [XNIO-1 I/O-1] lavalink.server.io.SocketContext         : Shutting down 0 playing players.
2021-09-09 03:52:37.885  INFO 1556 --- [XNIO-1 task-5] l.server.io.HandshakeInterceptorImpl     : Incoming connection from /127.0.0.1:53677
2021-09-09 03:52:37.889  INFO 1556 --- [XNIO-1 task-5] lavalink.server.io.SocketServer          : Connection successfully established from /127.0.0.1:53677
2021-09-09 03:53:24.893  INFO 1556 --- [XNIO-1 I/O-2] lavalink.server.io.SocketServer          : {"op":"volume","guildId":"654002085632802842","volume":100}
2021-09-09 03:53:25.297  INFO 1556 --- [XNIO-1 task-6] l.server.player.AudioLoaderRestHandler   : Got request to load for identifier "ytsearch:fromis_9 - WE GO description:("Auto-generated by YouTube.")"
2021-09-09 03:53:26.057  INFO 1556 --- [XNIO-1 I/O-2] lavalink.server.io.SocketServer          : {"sessionId":"44852059d52443a54fa5db9c0da67b18","op":"voiceUpdate","guildId":"654002085632802842","event":{"token":"111ed1143e31dd6b","guild_id":"654002085632802842","endpoint":"singapore7413.discord.media:443"}}
2021-09-09 03:53:26.089  INFO 1556 --- [lava-daemon-pool-info-loader-2-thread-1] lavalink.server.player.AudioLoader       : Loaded playlist Search results for: fromis_9 - WE GO description:("Auto-generated by YouTube.")
2021-09-09 03:53:26.110  INFO 1556 --- [XNIO-1 I/O-2] lavalink.server.io.SocketServer          : {"op":"play","guildId":"654002085632802842","track":"QAAAcAIABVdFIEdPABFPZmZpY2lhbCBmcm9taXNfOQAAAAAAAq+AAAtxUTNmRkM2YncySQABACtodHRwczovL3d3dy55b3V0dWJlLmNvbS93YXRjaD92PXFRM2ZGQzZidzJJAAd5b3V0dWJlAAAAAAAAAAA="}
2021-09-09 03:56:22.672  INFO 1556 --- [XNIO-1 I/O-2] lavalink.server.io.SocketServer          : {"op":"destroy","guildId":"654002085632802842"}
2021-09-09 03:56:46.117  INFO 1556 --- [XNIO-1 I/O-2] lavalink.server.io.SocketServer          : Connection closed from /127.0.0.1:53677 -- CloseStatus[code=1006, reason=]
2021-09-09 03:56:46.118  INFO 1556 --- [XNIO-1 I/O-2] lavalink.server.io.SocketContext         : Shutting down 0 playing players.
2021-09-09 03:56:49.323  INFO 1556 --- [XNIO-1 task-8] l.server.io.HandshakeInterceptorImpl     : Incoming connection from /127.0.0.1:63505
2021-09-09 03:56:49.326  INFO 1556 --- [XNIO-1 task-8] lavalink.server.io.SocketServer          : Connection successfully established from /127.0.0.1:63505
2021-09-09 03:56:58.637  INFO 1556 --- [XNIO-1 I/O-2] lavalink.server.io.SocketServer          : {"op":"volume","guildId":"654002085632802842","volume":100}
2021-09-09 03:56:58.643  INFO 1556 --- [XNIO-1 task-9] l.server.player.AudioLoaderRestHandler   : Got request to load for identifier "ytsearch:really blackpink"
2021-09-09 03:56:59.147  INFO 1556 --- [XNIO-1 I/O-2] lavalink.server.io.SocketServer          : {"sessionId":"31a32c495d7396f9c2301739cd01b632","op":"voiceUpdate","guildId":"654002085632802842","event":{"token":"1f09ecabbc8ec9d2","guild_id":"654002085632802842","endpoint":"singapore7413.discord.media:443"}}
2021-09-09 03:56:59.234  INFO 1556 --- [lava-daemon-pool-info-loader-2-thread-1] lavalink.server.player.AudioLoader       : Loaded playlist Search results for: really blackpink
2021-09-09 03:56:59.245  INFO 1556 --- [XNIO-1 I/O-2] lavalink.server.io.SocketServer          : {"op":"play","guildId":"654002085632802842","track":"QAAAlwIANUJMQUNLUElOSyAtICdSRUFMTFknIExZUklDUyAoQ29sb3IgQ29kZWQgRW5nL1JvbS9IYW4pAAhKYWVndWNoaQAAAAAAAvm4AAt2XzZ1Vk9QdlE1OAABACtodHRwczovL3d3dy55b3V0dWJlLmNvbS93YXRjaD92PXZfNnVWT1B2UTU4AAd5b3V0dWJlAAAAAAAAAAA="}
2021-09-09 04:00:14.686  INFO 1556 --- [XNIO-1 I/O-2] lavalink.server.io.SocketServer          : {"op":"destroy","guildId":"654002085632802842"}
2021-09-09 04:00:15.028  INFO 1556 --- [XNIO-1 I/O-2] lavalink.server.io.SocketServer          : Connection closed from /127.0.0.1:63505 -- CloseStatus[code=1006, reason=]
2021-09-09 04:00:15.029  INFO 1556 --- [XNIO-1 I/O-2] lavalink.server.io.SocketContext         : Shutting down 0 playing players.
2021-09-09 04:00:35.757  INFO 1556 --- [XNIO-1 task-11] l.server.io.HandshakeInterceptorImpl     : Incoming connection from /127.0.0.1:58394
2021-09-09 04:00:35.759  INFO 1556 --- [XNIO-1 task-11] lavalink.server.io.SocketServer          : Connection successfully established from /127.0.0.1:58394
2021-09-09 04:00:44.173  INFO 1556 --- [XNIO-1 I/O-3] lavalink.server.io.SocketServer          : {"op":"volume","guildId":"654002085632802842","volume":100}
2021-09-09 04:00:44.179  INFO 1556 --- [XNIO-1 task-12] l.server.player.AudioLoaderRestHandler   : Got request to load for identifier "ytsearch:hello lagu korea"
2021-09-09 04:00:44.668  INFO 1556 --- [XNIO-1 I/O-3] lavalink.server.io.SocketServer          : {"sessionId":"a77bf540be8c008a3fb24639bf43f5b9","op":"voiceUpdate","guildId":"654002085632802842","event":{"token":"512bb9485cf0a169","guild_id":"654002085632802842","endpoint":"singapore7413.discord.media:443"}}
2021-09-09 04:00:44.764  INFO 1556 --- [lava-daemon-pool-info-loader-2-thread-1] lavalink.server.player.AudioLoader       : Loaded playlist Search results for: hello lagu korea
2021-09-09 04:00:44.772  INFO 1556 --- [XNIO-1 I/O-3] lavalink.server.io.SocketServer          : {"op":"play","guildId":"654002085632802842","track":"QAAAsAIATVNvSHlhbmcgLSBIZWxsbyAoT3N0LiAxOCBBZ2FpbiBQYXJ0IDIpIEhhbi9Sb20vSW5hIExpcmlrIFRlcmplbWFoYW4gSW5kb25lc2lhAAlTaGlhIE1vZXIAAAAAAAPUeAALMDZlRlV1cVF6YXcAAQAraHR0cHM6Ly93d3cueW91dHViZS5jb20vd2F0Y2g/dj0wNmVGVXVxUXphdwAHeW91dHViZQAAAAAAAAAA"}
2021-09-09 04:00:59.231  INFO 1556 --- [XNIO-1 I/O-3] lavalink.server.io.SocketServer          : {"op":"stop","guildId":"654002085632802842"}
2021-09-09 04:00:59.236  INFO 1556 --- [XNIO-1 I/O-3] lavalink.server.io.SocketServer          : {"op":"destroy","guildId":"654002085632802842"}
2021-09-09 04:01:17.398  INFO 1556 --- [XNIO-1 I/O-3] lavalink.server.io.SocketServer          : {"op":"volume","guildId":"654002085632802842","volume":100}
2021-09-09 04:01:17.401  INFO 1556 --- [XNIO-1 task-14] l.server.player.AudioLoaderRestHandler   : Got request to load for identifier "ytsearch:annyeong"
2021-09-09 04:01:17.889  INFO 1556 --- [XNIO-1 I/O-3] lavalink.server.io.SocketServer          : {"sessionId":"a77bf540be8c008a3fb24639bf43f5b9","op":"voiceUpdate","guildId":"654002085632802842","event":{"token":"4e319f2686765dac","guild_id":"654002085632802842","endpoint":"singapore7413.discord.media:443"}}
2021-09-09 04:01:17.970  INFO 1556 --- [lava-daemon-pool-info-loader-2-thread-1] lavalink.server.player.AudioLoader       : Loaded playlist Search results for: annyeong
2021-09-09 04:01:17.976  INFO 1556 --- [XNIO-1 I/O-3] lavalink.server.io.SocketServer          : {"op":"play","guildId":"654002085632802842","track":"QAAAfgIAHkpPWSDsobDsnbQgJ+yViOuFlSAoSGVsbG8pJyBNVgAGU01UT1dOAAAAAAAEMjgAC2xOdkJiaDVqRGNBAAEAK2h0dHBzOi8vd3d3LnlvdXR1YmUuY29tL3dhdGNoP3Y9bE52QmJoNWpEY0EAB3lvdXR1YmUAAAAAAAAAAA=="}
2021-09-09 04:05:33.812  INFO 1556 --- [XNIO-1 I/O-3] lavalink.server.io.SocketServer          : Connection closed from /127.0.0.1:58394 -- CloseStatus[code=1006, reason=]
2021-09-09 04:05:33.813  INFO 1556 --- [XNIO-1 I/O-3] lavalink.server.io.SocketContext         : Shutting down 1 playing players.
2021-09-09 04:05:38.078  INFO 1556 --- [XNIO-1 task-16] l.server.io.HandshakeInterceptorImpl     : Incoming connection from /127.0.0.1:64089
2021-09-09 04:05:38.082  INFO 1556 --- [XNIO-1 task-16] lavalink.server.io.SocketServer          : Connection successfully established from /127.0.0.1:64089
2021-09-09 04:05:44.766  INFO 1556 --- [XNIO-1 I/O-4] lavalink.server.io.SocketServer          : {"op":"volume","guildId":"654002085632802842","volume":100}
2021-09-09 04:05:44.773  INFO 1556 --- [XNIO-1 task-17] l.server.player.AudioLoaderRestHandler   : Got request to load for identifier "ytsearch:iu good day"
2021-09-09 04:05:45.438  INFO 1556 --- [lava-daemon-pool-info-loader-2-thread-1] lavalink.server.player.AudioLoader       : Loaded playlist Search results for: iu good day
2021-09-09 04:05:45.446  INFO 1556 --- [XNIO-1 I/O-4] lavalink.server.io.SocketServer          : {"op":"play","guildId":"654002085632802842","track":"QAAAmQIAK0lVICjslYTsnbTsnKApIF8gR29vZCBEYXkgKOyii+ydgCDrgqApIF8gTVYAFDF0aGVLICjsm5DrjZTsvIDsnbQpAAAAAAAFdnAAC2plcWRZcXNyc0EwAAEAK2h0dHBzOi8vd3d3LnlvdXR1YmUuY29tL3dhdGNoP3Y9amVxZFlxc3JzQTAAB3lvdXR1YmUAAAAAAAAAAA=="}
2021-09-09 04:05:45.980  INFO 1556 --- [XNIO-1 I/O-4] lavalink.server.io.SocketServer          : {"sessionId":"23b752a1d317ff046db7bc32fbc940a6","op":"voiceUpdate","guildId":"654002085632802842","event":{"token":"4e319f2686765dac","guild_id":"654002085632802842","endpoint":"singapore7413.discord.media:443"}}
2021-09-09 04:05:46.050  INFO 1556 --- [lava-daemon-pool-playback-1-thread-1] c.s.l.c.natives.NativeLibraryLoader      : Native library libmpg123-0: loading with filter com.sedmelluq.discord.lavaplayer.natives.ConnectorNativeLibLoader$$Lambda$570/0x00000008012f29f8@39ac30cc
2021-09-09 04:05:46.179  INFO 1556 --- [lava-daemon-pool-playback-1-thread-1] c.s.l.c.natives.NativeLibraryLoader      : Native library libmpg123-0: successfully loaded.
2021-09-09 04:05:46.179  INFO 1556 --- [lava-daemon-pool-playback-1-thread-1] c.s.l.c.natives.NativeLibraryLoader      : Native library connector: loading with filter null
2021-09-09 04:05:46.325  INFO 1556 --- [lava-daemon-pool-playback-1-thread-1] c.s.l.c.natives.NativeLibraryLoader      : Native library connector: successfully loaded.
2021-09-09 04:11:43.778  INFO 1556 --- [XNIO-1 I/O-4] lavalink.server.io.SocketServer          : {"op":"destroy","guildId":"654002085632802842"}
2021-09-09 04:11:58.765  INFO 1556 --- [XNIO-1 I/O-4] lavalink.server.io.SocketServer          : {"op":"volume","guildId":"654002085632802842","volume":100}
2021-09-09 04:11:59.137  INFO 1556 --- [XNIO-1 task-19] l.server.player.AudioLoaderRestHandler   : Got request to load for identifier "ytsearch:yourbeagle - Say I Love U description:("Auto-generated by YouTube.")"
2021-09-09 04:11:59.301  INFO 1556 --- [XNIO-1 I/O-4] lavalink.server.io.SocketServer          : {"sessionId":"23b752a1d317ff046db7bc32fbc940a6","op":"voiceUpdate","guildId":"654002085632802842","event":{"token":"c41b7be7ecc03602","guild_id":"654002085632802842","endpoint":"singapore7413.discord.media:443"}}
2021-09-09 04:11:59.708  INFO 1556 --- [lava-daemon-pool-info-loader-2-thread-1] lavalink.server.player.AudioLoader       : Loaded playlist Search results for: yourbeagle - Say I Love U description:("Auto-generated by YouTube.")
2021-09-09 04:11:59.714  INFO 1556 --- [XNIO-1 I/O-4] lavalink.server.io.SocketServer          : {"op":"play","guildId":"654002085632802842","track":"QAAAgwIAF3doeSAoRmVhdC4gSmF5Y2kgeXVjY2EpABJ5b3VyYmVhZ2xlIC0gVG9waWMAAAAAAAJ40AALSWRHdjlzUE9ubXMAAQAraHR0cHM6Ly93d3cueW91dHViZS5jb20vd2F0Y2g/dj1JZEd2OXNQT25tcwAHeW91dHViZQAAAAAAAAAA"}
2021-09-09 04:12:11.365  INFO 1556 --- [XNIO-1 I/O-4] lavalink.server.io.SocketServer          : {"op":"stop","guildId":"654002085632802842"}
2021-09-09 04:12:11.366  INFO 1556 --- [XNIO-1 I/O-4] lavalink.server.io.SocketServer          : {"op":"destroy","guildId":"654002085632802842"}
2021-09-09 04:12:25.635  INFO 1556 --- [XNIO-1 I/O-4] lavalink.server.io.SocketServer          : {"op":"volume","guildId":"654002085632802842","volume":100}
2021-09-09 04:12:25.637  INFO 1556 --- [XNIO-1 task-21] l.server.player.AudioLoaderRestHandler   : Got request to load for identifier "ytsearch:say i love you yourbeagle"
2021-09-09 04:12:26.149  INFO 1556 --- [XNIO-1 I/O-4] lavalink.server.io.SocketServer          : {"sessionId":"23b752a1d317ff046db7bc32fbc940a6","op":"voiceUpdate","guildId":"654002085632802842","event":{"token":"8f705b4287c27cb7","guild_id":"654002085632802842","endpoint":"singapore7413.discord.media:443"}}
2021-09-09 04:12:26.194  INFO 1556 --- [lava-daemon-pool-info-loader-2-thread-1] lavalink.server.player.AudioLoader       : Loaded playlist Search results for: say i love you yourbeagle
2021-09-09 04:12:26.199  INFO 1556 --- [XNIO-1 I/O-4] lavalink.server.io.SocketServer          : {"op":"play","guildId":"654002085632802842","track":"QAAAvAIAUVtTcGVjaWFsIENsaXBdIHlvdXJiZWFnbGUo6rmA66+47KCVKSAtIFNheSBJIExvdmUgVSjshKTroIjqs6Ag7Iu27Ja0KSAoTGl2ZSB2ZXIuKQARU1VQRVIgU09VTkQgQnVncyEAAAAAAAKb+AALSU1KR1ZDZXBUSkkAAQAraHR0cHM6Ly93d3cueW91dHViZS5jb20vd2F0Y2g/dj1JTUpHVkNlcFRKSQAHeW91dHViZQAAAAAAAAAA"}
2021-09-09 04:15:17.832  INFO 1556 --- [XNIO-1 I/O-4] lavalink.server.io.SocketServer          : {"op":"destroy","guildId":"654002085632802842"}
2021-09-09 04:16:12.163  INFO 1556 --- [XNIO-1 I/O-4] lavalink.server.io.SocketServer          : Connection closed from /127.0.0.1:64089 -- CloseStatus[code=1006, reason=]
2021-09-09 04:16:12.164  INFO 1556 --- [XNIO-1 I/O-4] lavalink.server.io.SocketContext         : Shutting down 0 playing players.
